<?xml version="1.0" encoding="UTF-8"?>
<testng-results ignored="0" total="4" passed="4" failed="0" skipped="0">
  <reporter-output>
  </reporter-output>
  <suite started-at="2023-12-19T18:50:05 IST" name="Default suite" finished-at="2023-12-19T18:50:18 IST" duration-ms="13141">
    <groups>
    </groups>
    <test started-at="2023-12-19T18:50:05 IST" name="Default test" finished-at="2023-12-19T18:50:18 IST" duration-ms="13141">
      <class name="courseEndProject.AssignmentDemoCombo">
        <test-method signature="assignment003User()[pri:49, instance:courseEndProject.AssignmentDemoCombo@5d0a1059]" started-at="2023-12-19T18:50:05 IST" name="assignment003User" finished-at="2023-12-19T18:50:12 IST" duration-ms="7011" status="PASS">
          <reporter-output>
          </reporter-output>
        </test-method> <!-- assignment003User -->
        <test-method signature="assignment004login()[pri:50, instance:courseEndProject.AssignmentDemoCombo@5d0a1059]" started-at="2023-12-19T18:50:12 IST" name="assignment004login" finished-at="2023-12-19T18:50:14 IST" duration-ms="2271" status="PASS">
          <reporter-output>
          </reporter-output>
        </test-method> <!-- assignment004login -->
        <test-method signature="assignment005FindByStatus()[pri:51, instance:courseEndProject.AssignmentDemoCombo@5d0a1059]" started-at="2023-12-19T18:50:14 IST" name="assignment005FindByStatus" finished-at="2023-12-19T18:50:16 IST" duration-ms="1815" status="PASS">
          <reporter-output>
          </reporter-output>
        </test-method> <!-- assignment005FindByStatus -->
        <test-method signature="assignment006Logout()[pri:52, instance:courseEndProject.AssignmentDemoCombo@5d0a1059]" started-at="2023-12-19T18:50:16 IST" name="assignment006Logout" finished-at="2023-12-19T18:50:18 IST" duration-ms="1942" status="PASS">
          <reporter-output>
          </reporter-output>
        </test-method> <!-- assignment006Logout -->
      </class> <!-- courseEndProject.AssignmentDemoCombo -->
    </test> <!-- Default test -->
  </suite> <!-- Default suite -->
</testng-results>
