<?xml version="1.0" encoding="UTF-8"?>
<!-- Generated by org.testng.reporters.JUnitXMLReporter -->
<testsuite ignored="0" hostname="Anshul-Laptop" failures="0" tests="4" name="Default test" time="13.141" errors="0" timestamp="2023-12-19T18:50:18 IST">
  <testcase classname="courseEndProject.AssignmentDemoCombo" name="assignment003User" time="7.011"/>
  <testcase classname="courseEndProject.AssignmentDemoCombo" name="assignment004login" time="2.271"/>
  <testcase classname="courseEndProject.AssignmentDemoCombo" name="assignment005FindByStatus" time="1.815"/>
  <testcase classname="courseEndProject.AssignmentDemoCombo" name="assignment006Logout" time="1.942"/>
</testsuite> <!-- Default test -->
